<?xml version="1.0" encoding="UTF-8"?>
<!-- Generated by org.testng.reporters.JUnitReportReporter -->
<testsuite hostname="MANSI" failures="0" tests="1" name="testNGlearning.testng2.testpractice" time="16.504" errors="0" timestamp="13 Sep 2022 09:26:56 GMT" skipped="0">
  <testcase classname="testNGlearning.testng2.testpractice" name="verifyvalidlogin" time="16.504"/>
</testsuite> <!-- testNGlearning.testng2.testpractice -->
